<<<<<<< HEAD
2024-10-13 01:55:05,188 - __main__ - INFO - Environment variables loaded successfully.
2024-10-13 01:55:05,189 - __main__ - INFO - Bot is starting...
2024-10-13 01:55:43,503 - TeleBot - ERROR - Infinity polling: polling exited
2024-10-13 01:55:43,504 - TeleBot - ERROR - Break infinity polling
2024-10-13 12:33:28,693 - __main__ - INFO - Environment variables loaded successfully.
2024-10-13 12:33:28,695 - __main__ - INFO - Bot is starting...
2024-10-13 12:34:03,514 - __main__ - INFO - Environment variables loaded successfully.
2024-10-13 12:34:03,516 - __main__ - INFO - Bot is starting...
2024-10-13 12:34:03,942 - werkzeug - INFO - [31m[1mWARNING: This is a development server. Do not use it in a production deployment. Use a production WSGI server instead.[0m
 * Running on all addresses (0.0.0.0)
 * Running on http://127.0.0.1:5000
 * Running on http://192.168.178.21:5000
2024-10-13 12:34:03,943 - werkzeug - INFO - [33mPress CTRL+C to quit[0m
=======
2024-10-13 01:55:05,188 - __main__ - INFO - Environment variables loaded successfully.
2024-10-13 01:55:05,189 - __main__ - INFO - Bot is starting...
2024-10-13 01:55:43,503 - TeleBot - ERROR - Infinity polling: polling exited
2024-10-13 01:55:43,504 - TeleBot - ERROR - Break infinity polling
>>>>>>> 015088aea4954fcc3f42df140791c9169261fb2d
